0.01 -481.853 -7625.38 3.57849e-009 481.853 7625.38 1.7853e+006
0.01 -481.853 -7625.38 -6.6269e-010 481.853 7625.38 1.7853e+006
0.01 -481.853 -7625.38 -6.6269e-010 481.853 7625.38 1.7853e+006
8.8691 -845.943 -9774.23 -2.16383e-009 845.943 9774.23 3.13464e+006
17.7282 -1210.1 -11923.1 -2.6484e-009 1210.1 11923.1 4.48397e+006
26.5873 -1574.31 -14071.9 -3.07368e-009 1574.31 14071.9 5.8333e+006
35.4464 -1938.59 -16220.8 3.23215e-009 1938.59 16220.8 7.18262e+006
40.3132 -2280.94 -18326.7 -7.81715e-010 2280.94 18326.7 8.45039e+006
45.1801 -2623.35 -20432.6 1.37596e-009 2623.35 20432.6 9.71816e+006
50.047 -2965.82 -22538.5 -4.76323e-009 2965.82 22538.5 1.09859e+007
54.914 -3308.36 -24644.4 7.5042e-009 3308.36 24644.4 1.22537e+007
59.781 -3650.95 -26750.3 -1.51926e-008 3650.95 26750.3 1.35215e+007
64.648 -3993.62 -28856.2 7.18142e-009 3993.62 28856.2 1.47892e+007
69.5151 -4336.34 -30962.1 6.90561e-009 4336.34 30962.1 1.6057e+007
74.3823 -4679.13 -33068 -1.06093e-008 4679.13 33068 1.73248e+007
79.2495 -5021.98 -35173.9 -2.07944e-008 5021.98 35173.9 1.85926e+007
84.1167 -5364.89 -37279.8 2.41115e-008 5364.89 37279.8 1.98604e+007
88.984 -5707.87 -39385.7 -2.01109e-008 5707.87 39385.7 2.11281e+007
93.8513 -6050.91 -41491.6 -6.64781e-009 6050.91 41491.6 2.23959e+007
98.7187 -6394.01 -43597.4 -2.31454e-009 6394.01 43597.4 2.36637e+007
103.586 -6737.17 -45703.3 2.17288e-009 6737.17 45703.3 2.49315e+007
108.454 -7080.4 -47809.2 3.05862e-009 7080.4 47809.2 2.61993e+007
113.321 -7423.69 -49915.1 7.08537e-009 7423.69 49915.1 2.7467e+007
118.189 -7767.05 -52021 -1.40309e-008 7767.05 52021 2.87348e+007
123.056 -8110.46 -54126.9 1.58621e-008 8110.46 54126.9 3.00026e+007
127.924 -8453.94 -56232.7 1.928e-008 8453.94 56232.7 3.12704e+007
132.792 -8797.48 -58338.6 -5.05149e-009 8797.48 58338.6 3.25382e+007
137.659 -9141.09 -60444.5 4.38363e-008 9141.09 60444.5 3.3806e+007
142.527 -9484.76 -62550.4 -2.30219e-009 9484.76 62550.4 3.50738e+007
147.395 -9828.49 -64656.2 2.89828e-008 9828.49 64656.2 3.63415e+007
152.263 -10172.3 -66762.1 -1.66907e-008 10172.3 66762.1 3.76093e+007
157.131 -10516.1 -68868 4.36556e-008 10516.1 68868 3.88771e+007
161.999 -10860.1 -70973.8 -8.98496e-009 10860.1 70973.8 4.01449e+007
166.867 -11204 -73079.7 1.26261e-008 11204 73079.7 4.14127e+007
168.868 -11615.1 -73944.8 -1.90851e-008 11615.1 73944.8 4.29315e+007
169.857 -12049.9 -74372.5 -2.84563e-008 12049.9 74372.5 4.45388e+007
170.846 -12484.6 -74800.1 -2.99319e-008 12484.6 74800.1 4.61461e+007
171.836 -12919.4 -75227.8 3.21326e-008 12919.4 75227.8 4.77534e+007
172.825 -13354.2 -75655.4 -1.99876e-008 13354.2 75655.4 4.93607e+007
173.815 -13789 -76083.1 -4.43505e-008 13789 76083.1 5.0968e+007
174.804 -14223.8 -76510.7 6.37605e-009 14223.8 76510.7 5.25751e+007
177.868 -14663.8 -76956.4 -5.99998e-009 14663.8 76956.4 5.42015e+007
178.848 -15092.4 -77380.5 9.26082e-009 15092.4 77380.5 5.57859e+007
179.829 -15521.1 -77804.5 -2.26517e-008 15521.1 77804.5 5.73702e+007
180.809 -15949.8 -78228.5 1.60191e-008 15949.8 78228.5 5.89546e+007
181.789 -16378.5 -78652.6 4.6603e-008 16378.5 78652.6 6.0539e+007
182.769 -16807.2 -79076.6 8.33154e-009 16807.2 79076.6 6.21234e+007
183.75 -17235.9 -79500.7 1.83758e-008 17235.9 79500.7 6.37077e+007
184.687 -17631.6 -79905.9 1.58637e-008 17631.6 79905.9 6.51698e+007
185.592 -18003.8 -80297.6 2.303e-008 18003.8 80297.6 6.65443e+007
186.498 -18375.9 -80689.3 4.62834e-008 18375.9 80689.3 6.79189e+007
187.403 -18748.1 -81081.1 -2.92517e-008 18748.1 81081.1 6.92935e+007
188.309 -19120.3 -81472.8 -2.58553e-011 19120.3 81472.8 7.06681e+007
189.214 -19492.5 -81864.6 2.40203e-008 19492.5 81864.6 7.20427e+007
190.12 -19864.7 -82256.3 -6.71632e-009 19864.7 82256.3 7.34174e+007
191.025 -20237 -82648.1 -1.60713e-008 20237 82648.1 7.4792e+007
191.931 -20609.2 -83039.8 -8.16381e-009 20609.2 83039.8 7.61666e+007
192.837 -20981.5 -83431.6 1.60413e-008 20981.5 83431.6 7.75413e+007
193.742 -21353.8 -83823.3 -1.80418e-008 21353.8 83823.3 7.89159e+007
194.648 -21726.1 -84215 -5.01568e-008 21726.1 84215 8.02906e+007
195.553 -22098.4 -84606.8 -4.52907e-008 22098.4 84606.8 8.16652e+007
196.459 -22470.7 -84998.5 -1.76202e-008 22470.7 84998.5 8.30399e+007
197.365 -22843 -85390.3 -2.7163e-008 22843 85390.3 8.44146e+007
198.27 -23215.4 -85782 -8.69198e-008 23215.4 85782 8.57893e+007
199.172 -23586.9 -86172 3.10613e-008 23586.9 86172 8.71609e+007
200.069 -23957.6 -86560.3 4.80457e-008 23957.6 86560.3 8.85295e+007
200.967 -24328.4 -86948.5 1.00647e-007 24328.4 86948.5 8.98981e+007
201.864 -24699.1 -87336.8 3.04233e-008 24699.1 87336.8 9.12667e+007
202.762 -25069.9 -87725 3.3686e-008 25069.9 87725 9.26353e+007
203.659 -25440.7 -88113.3 -3.83428e-008 25440.7 88113.3 9.40039e+007
204.557 -25811.5 -88501.6 1.15198e-008 25811.5 88501.6 9.53725e+007
205.455 -26182.3 -88889.8 2.4994e-008 26182.3 88889.8 9.67412e+007
206.352 -26553.1 -89278.1 8.88014e-009 26553.1 89278.1 9.81098e+007
207.25 -26923.9 -89666.4 1.10303e-007 26923.9 89666.4 9.94785e+007
208.147 -27294.8 -90054.6 2.38211e-008 27294.8 90054.6 1.00847e+008
209.045 -27665.7 -90442.9 3.40382e-008 27665.7 90442.9 1.02216e+008
209.943 -28036.5 -90831.1 4.65971e-009 28036.5 90831.1 1.03584e+008
210.84 -28407.4 -91219.4 1.12101e-007 28407.4 91219.4 1.04953e+008
211.707 -28771.8 -91594.1 -5.03e-008 28771.8 91594.1 1.06297e+008
212.546 -29130.4 -91957.2 -1.98948e-008 29130.4 91957.2 1.07621e+008
213.385 -29489.1 -92320.3 2.86597e-008 29489.1 92320.3 1.08944e+008
214.225 -29847.8 -92683.3 -8.20045e-008 29847.8 92683.3 1.10267e+008
215.064 -30206.4 -93046.4 1.70499e-008 30206.4 93046.4 1.11591e+008
215.904 -30565.2 -93409.4 2.65555e-008 30565.2 93409.4 1.12914e+008
216.743 -30923.9 -93772.5 -4.60724e-008 30923.9 93772.5 1.14237e+008
217.583 -31282.6 -94135.6 5.00354e-009 31282.6 94135.6 1.15561e+008
218.422 -31641.3 -94498.6 1.06176e-007 31641.3 94498.6 1.16884e+008
219.262 -32000.1 -94861.7 -2.01857e-008 32000.1 94861.7 1.18207e+008
220.101 -32358.9 -95224.8 -4.44623e-008 32358.9 95224.8 1.19531e+008
220.543 -32412.4 -95416 -2.07819e-009 32412.4 95416 1.19723e+008
220.919 -32415.4 -95578.9 -6.40258e-008 32415.4 95578.9 1.19729e+008
221.295 -32418.4 -95741.7 9.79575e-009 32418.4 95741.7 1.19734e+008
221.671 -32421.4 -95904.6 6.61862e-008 32421.4 95904.6 1.19739e+008
222.047 -32424.5 -96067.5 -3.95811e-008 32424.5 96067.5 1.19745e+008
222.423 -32427.5 -96230.3 -3.22635e-009 32427.5 96230.3 1.1975e+008
222.799 -32430.6 -96393.2 -5.00417e-008 32430.6 96393.2 1.19756e+008
223.175 -32433.6 -96556 -5.54542e-008 32433.6 96556 1.19761e+008
223.551 -32436.7 -96718.9 -5.76286e-008 32436.7 96718.9 1.19767e+008
223.927 -32439.7 -96881.8 9.17385e-009 32439.7 96881.8 1.19772e+008
224.303 -32442.8 -97044.6 -3.47572e-008 32442.8 97044.6 1.19777e+008
224.679 -32445.9 -97207.5 2.1029e-008 32445.9 97207.5 1.19783e+008
225.055 -32448.9 -97370.4 1.64443e-008 32448.9 97370.4 1.19788e+008
225.431 -32452 -97533.3 4.58484e-008 32452 97533.3 1.19794e+008
225.806 -32455.1 -97696.1 -1.32215e-008 32455.1 97696.1 1.19799e+008
226.182 -32458.2 -97859 5.55223e-008 32458.2 97859 1.19804e+008
226.558 -32461.2 -98021.9 7.70054e-009 32461.2 98021.9 1.1981e+008
226.934 -32464.3 -98184.7 -5.54431e-008 32464.3 98184.7 1.19815e+008
227.31 -32467.4 -98347.6 2.67237e-008 32467.4 98347.6 1.19821e+008
227.686 -32470.5 -98510.5 -1.24454e-008 32470.5 98510.5 1.19826e+008
228.062 -32473.6 -98673.4 6.34801e-008 32473.6 98673.4 1.19831e+008
228.438 -32476.7 -98836.2 6.47229e-008 32476.7 98836.2 1.19837e+008
228.814 -32479.8 -98999.1 6.39033e-008 32479.8 98999.1 1.19842e+008
229.19 -32483 -99162 -4.23574e-008 32483 99162 1.19848e+008
229.566 -32486.1 -99324.9 -3.88347e-008 32486.1 99324.9 1.19853e+008
229.942 -32489.2 -99487.7 2.8362e-008 32489.2 99487.7 1.19858e+008
230.318 -32492.3 -99650.6 -2.89575e-008 32492.3 99650.6 1.19864e+008
230.694 -32495.5 -99813.5 5.79736e-008 32495.5 99813.5 1.19869e+008
231.07 -32498.6 -99976.4 9.40824e-008 32498.6 99976.4 1.19874e+008
231.446 -32501.7 -100139 5.33807e-008 32501.7 100139 1.1988e+008
231.822 -32504.9 -100302 4.34799e-008 32504.9 100302 1.19885e+008
232.198 -32508 -100465 7.2336e-008 32508 100465 1.19891e+008
232.574 -32511.2 -100628 -4.13564e-008 3251