0.01 488.72 -7623.71 1.06029e-009 -488.72 7623.71 -1.81077e+006
0.01 488.72 -7623.71 -4.77131e-009 -488.72 7623.71 -1.81077e+006
0.01 488.72 -7623.71 -4.77131e-009 -488.72 7623.71 -1.81077e+006
8.8691 124.889 -5477.21 1.24791e-009 -124.889 5477.21 -462161
17.7282 -238.879 -3330.71 -2.23129e-009 238.879 3330.71 886459
26.5873 -602.585 -1184.21 -1.62736e-011 602.585 1184.21 2.23508e+006
35.4464 -966.228 962.294 9.58355e-010 966.228 -962.294 3.58371e+006
40.3132 -1424.4 1382.2 -3.02347e-010 1424.4 -1382.2 5.28313e+006
45.1801 -1882.55 1802.11 -1.56312e-009 1882.55 -1802.11 6.98254e+006
50.047 -2340.69 2222.02 -7.81009e-010 2340.69 -2222.02 8.68195e+006
54.914 -2798.82 2641.93 -4.88841e-009 2798.82 -2641.93 1.03814e+007
59.781 -3256.93 3061.84 -6.15769e-010 3256.93 -3061.84 1.20808e+007
64.648 -3715.04 3481.75 -2.03781e-009 3715.04 -3481.75 1.37802e+007
69.5151 -4173.12 3901.65 -5.19035e-009 4173.12 -3901.65 1.54796e+007
74.3823 -4631.2 4321.56 6.83661e-009 4631.2 -4321.56 1.7179e+007
79.2495 -5089.26 4741.47 -5.45443e-009 5089.26 -4741.47 1.88784e+007
84.1167 -5547.31 5161.37 1.81143e-009 5547.31 -5161.37 2.05778e+007
88.984 -6005.35 5581.28 1.25119e-008 6005.35 -5581.28 2.22773e+007
93.8513 -6463.37 6001.18 3.17169e-010 6463.37 -6001.18 2.39767e+007
98.7187 -6921.38 6421.09 -1.52544e-009 6921.38 -6421.09 2.56761e+007
103.586 -7379.37 6840.99 -1.0276e-008 7379.37 -6840.99 2.73755e+007
108.454 -7837.36 7260.9 1.55015e-008 7837.36 -7260.9 2.90749e+007
113.321 -8295.33 7680.8 -1.04872e-008 8295.33 -7680.8 3.07743e+007
118.189 -8753.28 8100.71 -8.29534e-009 8753.28 -8100.71 3.24737e+007
123.056 -9211.23 8520.61 -1.82105e-008 9211.23 -8520.61 3.41732e+007
127.924 -9669.16 8940.51 -6.1404e-009 9669.16 -8940.51 3.58726e+007
132.792 -10127.1 9360.42 -3.87745e-009 10127.1 -9360.42 3.7572e+007
137.659 -10585 9780.32 -5.65605e-009 10585 -9780.32 3.92714e+007
142.527 -11042.9 10200.2 2.48417e-010 11042.9 -10200.2 4.09708e+007
147.395 -11500.7 10620.1 -8.17834e-009 11500.7 -10620.1 4.26702e+007
152.263 -11958.6 11040 2.66878e-008 11958.6 -11040 4.43696e+007
157.131 -12416.5 11459.9 1.73241e-009 12416.5 -11459.9 4.60691e+007
161.999 -12874.3 11879.8 -1.1401e-008 12874.3 -11879.8 4.77685e+007
166.867 -13332.1 12299.7 -1.70608e-008 13332.1 -12299.7 4.94679e+007
168.868 -13774 12689.5 -2.17429e-008 13774 -12689.5 5.11082e+007
169.857 -14210.3 13068.7 -1.0341e-008 14210.3 -13068.7 5.27278e+007
170.846 -14646.6 13447.9 2.21489e-008 14646.6 -13447.9 5.43473e+007
171.836 -15082.8 13827.1 6.16971e-009 15082.8 -13827.1 5.59668e+007
172.825 -15519.1 14206.3 -2.04704e-008 15519.1 -14206.3 5.75863e+007
173.815 -15955.3 14585.5 -5.19654e-008 15955.3 -14585.5 5.92059e+007
174.804 -16391.5 14964.6 -2.44468e-009 16391.5 -14964.6 6.08253e+007
177.868 -16775.8 16242 -5.66972e-008 16775.8 -16242 6.22542e+007
178.848 -17210.1 16617.3 -3.34898e-008 17210.1 -16617.3 6.38665e+007
179.829 -17644.3 16992.7 -2.94635e-009 17644.3 -16992.7 6.54789e+007
180.809 -18078.5 17368 1.45092e-008 18078.5 -17368 6.70912e+007
181.789 -18512.7 17743.3 -2.82982e-008 18512.7 -17743.3 6.87035e+007
182.769 -18946.9 18118.7 4.68523e-008 18946.9 -18118.7 7.03158e+007
183.75 -19381.1 18494 -2.56503e-008 19381.1 -18494 7.19281e+007
184.687 -19805.2 18850.8 -1.43745e-008 19805.2 -18850.8 7.35032e+007
185.592 -20222.2 19194.2 -4.09534e-008 20222.2 -19194.2 7.50516e+007
186.498 -20639.1 19537.6 4.75308e-008 20639.1 -19537.6 7.66e+007
187.403 -21056 19881.1 -5.86069e-008 21056 -19881.1 7.81483e+007
188.309 -21472.9 20224.5 4.52618e-008 21472.9 -20224.5 7.96967e+007
189.214 -21889.8 20567.9 -2.26499e-008 21889.8 -20567.9 8.12451e+007
190.12 -22306.7 20911.4 -1.46486e-008 22306.7 -20911.4 8.27935e+007
191.025 -22723.6 21254.8 -7.24651e-009 22723.6 -21254.8 8.43419e+007
191.931 -23140.5 21598.3 4.90629e-008 23140.5 -21598.3 8.58903e+007
192.837 -23557.3 21941.7 1.2497e-008 23557.3 -21941.7 8.74387e+007
193.742 -23974.2 22285.1 -3.09244e-008 23974.2 -22285.1 8.89871e+007
194.648 -24391 22628.6 -3.80576e-008 24391 -22628.6 9.05354e+007
195.553 -24807.8 22972 -8.2105e-010 24807.8 -22972 9.20838e+007
196.459 -25224.6 23315.5 -5.90473e-008 25224.6 -23315.5 9.36322e+007
197.365 -25641.4 23658.9 -3.5969e-008 25641.4 -23658.9 9.51806e+007
198.27 -26058.2 24002.3 -6.02007e-009 26058.2 -24002.3 9.6729e+007
199.172 -26471.8 24344 -9.33341e-009 26471.8 -24344 9.82654e+007
200.069 -26882.2 24684 1.42059e-008 26882.2 -24684 9.97901e+007
200.967 -27292.6 25023.9 4.31328e-009 27292.6 -25023.9 1.01315e+008
201.864 -27702.9 25363.9 -1.24852e-008 27702.9 -25363.9 1.02839e+008
202.762 -28113.3 25703.9 -1.87666e-008 28113.3 -25703.9 1.04364e+008
203.659 -28523.6 26043.8 -9.64774e-008 28523.6 -26043.8 1.05889e+008
204.557 -28934 26383.8 2.67077e-008 28934 -26383.8 1.07414e+008
205.455 -29344.3 26723.8 -8.96661e-008 29344.3 -26723.8 1.08938e+008
206.352 -29754.6 27063.7 5.372e-008 29754.6 -27063.7 1.10463e+008
207.25 -30164.9 27403.7 3.12995e-008 30164.9 -27403.7 1.11988e+008
208.147 -30575.2 27743.6 7.25175e-008 30575.2 -27743.6 1.13512e+008
209.045 -30985.5 28083.6 3.13089e-010 30985.5 -28083.6 1.15037e+008
209.943 -31395.7 28423.6 3.44392e-008 31395.7 -28423.6 1.16562e+008
210.84 -31806 28763.5 -8.13012e-008 31806 -28763.5 1.18087e+008
211.707 -32191.6 29090 -1.61514e-008 32191.6 -29090 1.1952e+008
212.546 -32556 29404.7 7.11756e-008 32556 -29404.7 1.20874e+008
213.385 -32920.4 29719.5 3.26565e-008 32920.4 -29719.5 1.22229e+008
214.225 -33284.7 30034.3 -8.79137e-008 33284.7 -30034.3 1.23583e+008
215.064 -33649.1 30349.1 -7.98515e-008 33649.1 -30349.1 1.24938e+008
215.904 -34013.4 30663.9 1.332e-007 34013.4 -30663.9 1.26292e+008
216.743 -34377.8 30978.6 -6.92821e-009 34377.8 -30978.6 1.27647e+008
217.583 -34742.1 31293.4 1.69172e-008 34742.1 -31293.4 1.29001e+008
218.422 -35106.4 31608.2 -1.27957e-007 35106.4 -31608.2 1.30356e+008
219.262 -35470.7 31923 -5.03697e-008 35470.7 -31923 1.31711e+008
220.101 -35835 32237.8 1.19819e-007 35835 -32237.8 1.33065e+008
220.543 -36116 32384.5 -1.05878e-007 36116 -32384.5 1.3411e+008
220.919 -36383.1 32503.5 -5.05554e-008 36383.1 -32503.5 1.35103e+008
221.295 -36650.3 32622.5 -4.76504e-008 36650.3 -32622.5 1.36096e+008
221.671 -36917.4 32741.4 6.00149e-008 36917.4 -32741.4 1.3709e+008
222.047 -37184.5 32860.4 8.8058e-008 37184.5 -32860.4 1.38083e+008
222.423 -37451.7 32979.4 -9.43951e-008 37451.7 -32979.4 1.39076e+008
222.799 -37718.8 33098.4 -3.76912e-008 37718.8 -33098.4 1.40069e+008
223.175 -37985.9 33217.4 -3.64199e-008 37985.9 -33217.4 1.41063e+008
223.551 -38253 33336.3 -3.38377e-009 38253 -33336.3 1.42056e+008
223.927 -38520.1 33455.3 -6.30897e-008 38520.1 -33455.3 1.43049e+008
224.303 -38787.3 33574.3 6.94102e-009 38787.3 -33574.3 1.44043e+008
224.679 -39054.4 33693.3 -1.48978e-008 39054.4 -33693.3 1.45036e+008
225.055 -39321.5 33812.3 1.06455e-007 39321.5 -33812.3 1.46029e+008
225.431 -39588.6 33931.3 -5.63167e-008 39588.6 -33931.3 1.47022e+008
225.806 -39855.7 34050.2 6.4947e-009 39855.7 -34050.2 1.48016e+008
226.182 -40122.8 34169.2 -2.326e-008 40122.8 -34169.2 1.49009e+008
226.558 -40389.9 34288.2 -8.84998e-008 40389.9 -34288.2 1.50002e+008
226.934 -40657 34407.2 -5.30145e-008 40657 -34407.2 1.50996e+008
227.31 -40924.1 34526.2 -6.10899e-008 40924.1 -34526.2 1.51989e+008
227.686 -41191.2 34645.2 5.10823e-009 41191.2 -34645.2 1.52982e+008
228.062 -41458.2 34764.2 -9.52758e-008 41458.2 -34764.2 1.53976e+008
228.438 -41725.3 34883.2 2.31689e-008 41725.3 -34883.2 1.54969e+008
228.814 -41992.4 35002.2 1.22459e-008 41992.4 -35002.2 1.55962e+008
229.19 -42259.5 35121.2 1.24694e-007 42259.5 -35121.2 1.56956e+008
229.566 -42526.6 35240.1 -2.14052e-008 42526.6 -35240.1 1.57949e+008
229.942 -42793.6 35359.1 4.64942e-008 42793.6 -35359.1 1.58942e+008
230.318 -43060.7 35478.1 8.98966e-008 43060.7 -35478.1 1.59936e+008
230.694 -43327.7 35597.1 1.42685e-007 43327.7 -35597.1 1.60929e+008
231.07 -43594.8 35716.1 -8.13122e-009 43594.8 -35716.1 1.61922e+008
231.446 -43861.9 35835.1 5.13636e-008 43861.9 -35835.1 1.62916e+008
231.822 -44128.9 35954.1 2.02053e-008 44128.9 -35954.1 1.63909e+008
232.198 -44396 36073.1 1.12936e-007 44396 -36073.1 1.64902e+008
232.574 -44663 36192.1 -1.18414e-008 44663 -3